<?xml version="1.0" encoding="UTF-8"?>
<!-- Generated by org.testng.reporters.JUnitXMLReporter -->
<testsuite hostname="Shihab" name="Default test" tests="3" failures="0" timestamp="22 Jul 2023 16:59:47 GMT" time="12.341" errors="0">
  <testcase name="loginTest" time="1.687" classname="variousConcetps.LoginTest"/>
  <testcase name="loginTest" time="0.506" classname="variousConcetps.LoginTest"/>
  <testcase name="loginTest" time="0.543" classname="variousConcetps.LoginTest"/>
</testsuite> <!-- Default test -->
